#
# There is insufficient memory for the Java Runtime Environment to continue.
# Native memory allocation (malloc) failed to allocate 1364336 bytes for Chunk::new
# Possible reasons:
#   The system is out of physical RAM or swap space
#   In 32 bit mode, the process size limit was hit
# Possible solutions:
#   Reduce memory load on the system
#   Increase physical memory or swap space
#   Check if swap backing store is full
#   Use 64 bit Java on a 64 bit OS
#   Decrease Java heap size (-Xmx/-Xms)
#   Decrease number of Java threads
#   Decrease Java thread stack sizes (-Xss)
#   Set larger code cache with -XX:ReservedCodeCacheSize=
# This output file may be truncated or incomplete.
#
#  Out of Memory Error (allocation.cpp:390), pid=5296, tid=0x00000000000018b8
#
# JRE version: OpenJDK Runtime Environment (8.0_112-b06) (build 1.8.0_112-release-b06)
# Java VM: OpenJDK 64-Bit Server VM (25.112-b06 mixed mode windows-amd64 compressed oops)
# Failed to write core dump. Minidumps are not enabled by default on client versions of Windows
#

---------------  T H R E A D  ---------------

Current thread (0x00000000177b1800):  JavaThread "C2 CompilerThread1" daemon [_thread_in_native, id=6328, stack(0x0000000017ea0000,0x0000000017fa0000)]

Stack: [0x0000000017ea0000,0x0000000017fa0000]
[error occurred during error reporting (printing stack bounds), id 0xc0000005]

Native frames: (J=compiled Java code, j=interpreted, Vv=VM code, C=native code)


Current CompileTask:
C2:   7177 1368       4       java.net.URLClassLoader$1::run (5 bytes)


---------------  P R O C E S S  ---------------

Java Threads: ( => current thread )
  0x000000001929a800 JavaThread "Stdin handler" [_thread_blocked, id=7092, stack(0x000000001a7f0000,0x000000001a8f0000)]
  0x000000001966a000 JavaThread "Asynchronous log dispatcher for DefaultDaemonConnection: socket connection from /127.0.0.1:13918 to /127.0.0.1:13919" [_thread_blocked, id=2428, stack(0x000000001a6f0000,0x000000001a7f0000)]
  0x0000000018874000 JavaThread "Daemon worker" [_thread_in_native, id=6004, stack(0x000000001a5f0000,0x000000001a6f0000)]
  0x00000000177d8800 JavaThread "Cancel handler" [_thread_blocked, id=4320, stack(0x000000001a4f0000,0x000000001a5f0000)]
  0x0000000019664800 JavaThread "pool-1-thread-1" [_thread_blocked, id=1932, stack(0x000000001a3f0000,0x000000001a4f0000)]
  0x00000000188ef800 JavaThread "Handler for socket connection from /127.0.0.1:13918 to /127.0.0.1:13919" [_thread_in_native, id=5188, stack(0x000000001a2f0000,0x000000001a3f0000)]
  0x0000000019406800 JavaThread "Daemon" [_thread_blocked, id=1844, stack(0x000000001a1f0000,0x000000001a2f0000)]
  0x0000000018c75000 JavaThread "Incoming local TCP Connector on port 13918" [_thread_in_native, id=188, stack(0x0000000019e90000,0x0000000019f90000)]
  0x00000000164ae800 JavaThread "Service Thread" daemon [_thread_blocked, id=4392, stack(0x00000000180a0000,0x00000000181a0000)]
  0x00000000177b6000 JavaThread "C1 CompilerThread2" daemon [_thread_blocked, id=4812, stack(0x0000000017fa0000,0x00000000180a0000)]
=>0x00000000177b1800 JavaThread "C2 CompilerThread1" daemon [_thread_in_native, id=6328, stack(0x0000000017ea0000,0x0000000017fa0000)]
  0x000000001645c800 JavaThread "C2 CompilerThread0" daemon [_thread_blocked, id=1828, stack(0x0000000017da0000,0x0000000017ea0000)]
  0x000000001645b800 JavaThread "Attach Listener" daemon [_thread_blocked, id=2892, stack(0x0000000017ca0000,0x0000000017da0000)]
  0x00000000177a8800 JavaThread "Signal Dispatcher" daemon [_thread_blocked, id=1032, stack(0x0000000017ba0000,0x0000000017ca0000)]
  0x0000000002add800 JavaThread "Finalizer" daemon [_thread_blocked, id=1156, stack(0x00000000176a0000,0x00000000177a0000)]
  0x0000000002ad2800 JavaThread "Reference Handler" daemon [_thread_blocked, id=3612, stack(0x00000000175a0000,0x00000000176a0000)]
  0x00000000029e0800 JavaThread "main" [_thread_blocked, id=3032, stack(0x0000000002550000,0x0000000002650000)]

Other Threads:
  0x0000000016415000 VMThread [stack: 0x00000000174a0000,0x00000000175a0000] [id=5392]
  0x0000000017846000 WatcherThread [stack: 0x00000000181a0000,0x00000000182a0000] [id=6840]

VM state:not at safepoint (normal execution)

VM Mutex/Monitor currently owned by a thread: None

Heap:
 PSYoungGen      total 18944K, used 16957K [0x00000000e0000000, 0x00000000e1500000, 0x0000000100000000)
  eden space 16384K, 87% used [0x00000000e0000000,0x00000000e0e11518,0x00000000e1000000)
  from space 2560K, 99% used [0x00000000e1000000,0x00000000e127e010,0x00000000e1280000)
  to   space 2560K, 0% used [0x00000000e1280000,0x00000000e1280000,0x00000000e1500000)
 ParOldGen       total 44032K, used 7097K [0x00000000a0000000, 0x00000000a2b00000, 0x00000000e0000000)
  object space 44032K, 16% used [0x00000000a0000000,0x00000000a06ee608,0x00000000a2b00000)
 Metaspace       used 16380K, capacity 16676K, committed 17024K, reserved 1064960K
  class space    used 2267K, capacity 2353K, committed 2432K, reserved 1048576K

Card table byte_map: [0x0000000011ea0000,0x00000000121b0000] byte_map_base: 0x00000000119a0000

Marking Bits: (ParMarkBitMap*) 0x0000000065bf18f0
 Begin Bits: [0x00000000127b0000, 0x0000000013fb0000)
 End Bits:   [0x0000000013fb0000, 0x00000000157b0000)

Polling page: 0x0000000000dd0000

CodeCache: size=245760Kb used=4995Kb max_used=4996Kb free=240764Kb
 bounds [0x0000000002ae0000, 0x0000000002fd0000, 0x0000000011ae0000]
 total_blobs=1829 nmethods=1438 adapters=305
 compilation: enabled

Compilation events (10 events):
Event: 7.112 Thread 0x000000001645c800 1440       4       java.lang.CharacterDataLatin1::isWhitespace (23 bytes)
Event: 7.113 Thread 0x00000000177b6000 nmethod 1438 0x0000000002fc06d0 code [0x0000000002fc0880, 0x0000000002fc0da8]
Event: 7.113 Thread 0x00000000177b6000 1441       3       org.gradle.internal.service.DefaultServiceRegistry$FactoryMethodService::<init> (25 bytes)
Event: 7.113 Thread 0x000000001645c800 nmethod 1440 0x0000000002fbef10 code [0x0000000002fbf040, 0x0000000002fbf0f8]
Event: 7.115 Thread 0x00000000177b6000 nmethod 1441 0x0000000002fc3d90 code [0x0000000002fc4000, 0x0000000002fc5288]
Event: 7.155 Thread 0x00000000177b6000 1442       3       java.util.concurrent.locks.ReentrantLock$Sync::nonfairTryAcquire (67 bytes)
Event: 7.156 Thread 0x00000000177b6000 nmethod 1442 0x0000000002fbe4d0 code [0x0000000002fbe660, 0x0000000002fbed88]
Event: 7.167 Thread 0x00000000177b6000 1443       3       java.util.concurrent.locks.ReentrantLock$NonfairSync::tryAcquire (6 bytes)
Event: 7.167 Thread 0x00000000177b6000 nmethod 1443 0x0000000002fc02d0 code [0x0000000002fc0440, 0x0000000002fc0648]
Event: 7.171 Thread 0x00000000177b6000 1444       3       java.util.regex.Pattern$Branch::match (66 bytes)

GC Heap History (10 events):
Event: 1.722 GC heap before
{Heap before GC invocations=1 (full 0):
 PSYoungGen      total 18944K, used 16384K [0x00000000e0000000, 0x00000000e1500000, 0x0000000100000000)
  eden space 16384K, 100% used [0x00000000e0000000,0x00000000e1000000,0x00000000e1000000)
  from space 2560K, 0% used [0x00000000e1280000,0x00000000e1280000,0x00000000e1500000)
  to   space 2560K, 0% used [0x00000000e1000000,0x00000000e1000000,0x00000000e1280000)
 ParOldGen       total 44032K, used 0K [0x00000000a0000000, 0x00000000a2b00000, 0x00000000e0000000)
  object space 44032K, 0% used [0x00000000a0000000,0x00000000a0000000,0x00000000a2b00000)
 Metaspace       used 6251K, capacity 6412K, committed 6528K, reserved 1056768K
  class space    used 761K, capacity 796K, committed 896K, reserved 1048576K
Event: 1.734 GC heap after
Heap after GC invocations=1 (full 0):
 PSYoungGen      total 18944K, used 2552K [0x00000000e0000000, 0x00000000e1500000, 0x0000000100000000)
  eden space 16384K, 0% used [0x00000000e0000000,0x00000000e0000000,0x00000000e1000000)
  from space 2560K, 99% used [0x00000000e1000000,0x00000000e127e010,0x00000000e1280000)
  to   space 2560K, 0% used [0x00000000e1280000,0x00000000e1280000,0x00000000e1500000)
 ParOldGen       total 44032K, used 886K [0x00000000a0000000, 0x00000000a2b00000, 0x00000000e0000000)
  object space 44032K, 2% used [0x00000000a0000000,0x00000000a00dd990,0x00000000a2b00000)
 Metaspace       used 6251K, capacity 6412K, committed 6528K, reserved 1056768K
  class space    used 761K, capacity 796K, committed 896K, reserved 1048576K
}
Event: 2.361 GC heap before
{Heap before GC invocations=2 (full 0):
 PSYoungGen      total 18944K, used 18855K [0x00000000e0000000, 0x00000000e1500000, 0x0000000100000000)
  eden space 16384K, 99% used [0x00000000e0000000,0x00000000e0febfb8,0x00000000e1000000)
  from space 2560K, 99% used [0x00000000e1000000,0x00000000e127e010,0x00000000e1280000)
  to   space 2560K, 0% used [0x00000000e1280000,0x00000000e1280000,0x00000000e1500000)
 ParOldGen       total 44032K, used 886K [0x00000000a0000000, 0x00000000a2b00000, 0x00000000e0000000)
  object space 44032K, 2% used [0x00000000a0000000,0x00000000a00dd990,0x00000000a2b00000)
 Metaspace       used 6864K, capacity 7084K, committed 7296K, reserved 1056768K
  class space    used 836K, capacity 892K, committed 896K, reserved 1048576K
Event: 2.371 GC heap after
Heap after GC invocations=2 (full 0):
 PSYoungGen      total 18944K, used 2556K [0x00000000e0000000, 0x00000000e2500000, 0x0000000100000000)
  eden space 16384K, 0% used [0x00000000e0000000,0x00000000e0000000,0x00000000e1000000)
  from space 2560K, 99% used [0x00000000e1280000,0x00000000e14ff268,0x00000000e1500000)
  to   space 2560K, 0% used [0x00000000e1000000,0x00000000e1000000,0x00000000e1280000)
 ParOldGen       total 44032K, used 1175K [0x00000000a0000000, 0x00000000a2b00000, 0x00000000e0000000)
  object space 44032K, 2% used [0x00000000a0000000,0x00000000a0125d20,0x00000000a2b00000)
 Metaspace       used 6864K, capacity 7084K, committed 7296K, reserved 1056768K
  class space    used 836K, capacity 892K, committed 896K, reserved 1048576K
}
Event: 3.918 GC heap before
{Heap before GC invocations=3 (full 0):
 PSYoungGen      total 18944K, used 18940K [0x00000000e0000000, 0x00000000e2500000, 0x0000000100000000)
  eden space 16384K, 100% used [0x00000000e0000000,0x00000000e1000000,0x00000000e1000000)
  from space 2560K, 99% used [0x00000000e1280000,0x00000000e14ff268,0x00000000e1500000)
  to   space 2560K, 0% used [0x00000000e1000000,0x00000000e1000000,0x00000000e1280000)
 ParOldGen       total 44032K, used 1175K [0x00000000a0000000, 0x00000000a2b00000, 0x00000000e0000000)
  object space 44032K, 2% used [0x00000000a0000000,0x00000000a0125d20,0x00000000a2b00000)
 Metaspace       used 8896K, capacity 9098K, committed 9216K, reserved 1056768K
  class space    used 1122K, capacity 1221K, committed 1280K, reserved 1048576K
Event: 3.928 GC heap after
Heap after GC invocations=3 (full 0):
 PSYoungGen      total 18944K, used 2536K [0x00000000e0000000, 0x00000000e1500000, 0x0000000100000000)
  eden space 16384K, 0% used [0x00000000e0000000,0x00000000e0000000,0x00000000e1000000)
  from space 2560K, 99% used [0x00000000e1000000,0x00000000e127a020,0x00000000e1280000)
  to   space 2560K, 0% used [0x00000000e1280000,0x00000000e1280000,0x00000000e1500000)
 ParOldGen       total 44032K, used 2591K [0x00000000a0000000, 0x00000000a2b00000, 0x00000000e0000000)
  object space 44032K, 5% used [0x00000000a0000000,0x00000000a0287fe0,0x00000000a2b00000)
 Metaspace       used 8896K, capacity 9098K, committed 9216K, reserved 1056768K
  class space    used 1122K, capacity 1221K, committed 1280K, reserved 1048576K
}
Event: 5.914 GC heap before
{Heap before GC invocations=4 (full 0):
 PSYoungGen      total 18944K, used 18920K [0x00000000e0000000, 0x00000000e1500000, 0x0000000100000000)
  eden space 16384K, 100% used [0x00000000e0000000,0x00000000e1000000,0x00000000e1000000)
  from space 2560K, 99% used [0x00000000e1000000,0x00000000e127a020,0x00000000e1280000)
  to   space 2560K, 0% used [0x00000000e1280000,0x00000000e1280000,0x00000000e1500000)
 ParOldGen       total 44032K, used 2591K [0x00000000a0000000, 0x00000000a2b00000, 0x00000000e0000000)
  object space 44032K, 5% used [0x00000000a0000000,0x00000000a0287fe0,0x00000000a2b00000)
 Metaspace       used 13147K, capacity 13484K, committed 13696K, reserved 1062912K
  class space    used 1737K, capacity 1869K, committed 1920K, reserved 1048576K
Event: 5.930 GC heap after
Heap after GC invocations=4 (full 0):
 PSYoungGen      total 18944K, used 2536K [0x00000000e0000000, 0x00000000e1500000, 0x0000000100000000)
  eden space 16384K, 0% used [0x00000000e0000000,0x00000000e0000000,0x00000000e1000000)
  from space 2560K, 99% used [0x00000000e1280000,0x00000000e14fa040,0x00000000e1500000)
  to   space 2560K, 0% used [0x00000000e1000000,0x00000000e1000000,0x00000000e1280000)
 ParOldGen       total 44032K, used 4940K [0x00000000a0000000, 0x00000000a2b00000, 0x00000000e0000000)
  object space 44032K, 11% used [0x00000000a0000000,0x00000000a04d31e8,0x00000000a2b00000)
 Metaspace       used 13147K, capacity 13484K, committed 13696K, reserved 1062912K
  class space    used 1737K, capacity 1869K, committed 1920K, reserved 1048576K
}
Event: 6.527 GC heap before
{Heap before GC invocations=5 (full 0):
 PSYoungGen      total 18944K, used 18920K [0x00000000e0000000, 0x00000000e1500000, 0x0000000100000000)
  eden space 16384K, 100% used [0x00000000e0000000,0x00000000e1000000,0x00000000e1000000)
  from space 2560K, 99% used [0x00000000e1280000,0x00000000e14fa040,0x00000000e1500000)
  to   space 2560K, 0% used [0x00000000e1000000,0x00000000e1000000,0x00000000e1280000)
 ParOldGen       total 44032K, used 4940K [0x00000000a0000000, 0x00000000a2b00000, 0x00000000e0000000)
  object space 44032K, 11% used [0x00000000a0000000,0x00000000a04d31e8,0x00000000a2b00000)
 Metaspace       used 14645K, capacity 14924K, committed 15232K, reserved 1064960K
  class space    used 1987K, capacity 2093K, committed 2176K, reserved 1048576K
Event: 6.536 GC heap after
Heap after GC invocations=5 (full 0):
 PSYoungGen      total 18944K, used 2552K [0x00000000e0000000, 0x00000000e1500000, 0x0000000100000000)
  eden space 16384K, 0% used [0x00000000e0000000,0x00000000e0000000,0x00000000e1000000)
  from space 2560K, 99% used [0x00000000e1000000,0x00000000e127e010,0x00000000e1280000)
  to   space 2560K, 0% used [0x00000000e1280000,0x00000000e1280000,0x00000000e1500000)
 ParOldGen       total 44032K, used 7097K [0x00000000a0000000, 0x00000000a2b00000, 0x00000000e0000000)
  object space 44032K, 16% used [0x00000000a0000000,0x00000000a06ee608,0x00000000a2b00000)
 Metaspace       used 14645K, capacity 14924K, committed 15232K, reserved 1064960K
  class space    used 1987K, capacity 2093K, committed 2176K, reserved 1048576K
}

Deoptimization events (10 events):
Event: 5.562 Thread 0x00000000029e0800 Uncommon trap: reason=bimorphic action=maybe_recompile pc=0x0000000002e386f8 method=java.util.HashMap.putVal(ILjava/lang/Object;Ljava/lang/Object;ZZ)Ljava/lang/Object; @ 203
Event: 5.709 Thread 0x0000000018874000 Uncommon trap: reason=bimorphic action=maybe_recompile pc=0x0000000002e380d0 method=java.util.HashMap.putVal(ILjava/lang/Object;Ljava/lang/Object;ZZ)Ljava/lang/Object; @ 253
Event: 5.710 Thread 0x0000000018874000 Uncommon trap: reason=bimorphic action=maybe_recompile pc=0x0000000002e380d0 method=java.util.HashMap.putVal(ILjava/lang/Object;Ljava/lang/Object;ZZ)Ljava/lang/Object; @ 253
Event: 6.309 Thread 0x0000000018874000 Uncommon trap: reason=class_check action=maybe_recompile pc=0x0000000002d56d64 method=java.util.regex.Matcher.match(II)Z @ 86
Event: 6.313 Thread 0x0000000018874000 Uncommon trap: reason=class_check action=maybe_recompile pc=0x0000000002d56d64 method=java.util.regex.Matcher.match(II)Z @ 86
Event: 6.842 Thread 0x0000000018874000 Uncommon trap: reason=class_check action=maybe_recompile pc=0x0000000002d9f844 method=java.util.HashMap.putVal(ILjava/lang/Object;Ljava/lang/Object;ZZ)Ljava/lang/Object; @ 203
Event: 6.842 Thread 0x0000000018874000 Uncommon trap: reason=class_check action=maybe_recompile pc=0x0000000002d9f844 method=java.util.HashMap.putVal(ILjava/lang/Object;Ljava/lang/Object;ZZ)Ljava/lang/Object; @ 203
Event: 6.843 Thread 0x0000000018874000 Uncommon trap: reason=class_check action=maybe_recompile pc=0x0000000002d9f844 method=java.util.HashMap.putVal(ILjava/lang/Object;Ljava/lang/Object;ZZ)Ljava/lang/Object; @ 203
Event: 6.912 Thread 0x0000000018874000 Uncommon trap: reason=unstable_if action=reinterpret pc=0x0000000002c36e4c method=java.net.URI.match(CJJ)Z @ 19
Event: 6.912 Thread 0x0000000018874000 Uncommon trap: reason=unstable_if action=reinterpret pc=0x0000000002d7b5d0 method=java.net.URI.match(CJJ)Z @ 19

Internal exceptions (10 events):
Event: 5.630 Thread 0x00000000188ef800 Exception <a 'java/lang/NoSuchMethodError': <clinit>> (0x00000000e0aa0e18) thrown at [C:\src\android\AOSP-openjdk\external\jetbrains\jdk\hotspot\src\share\vm\prims\jni.cpp, line 1613]
Event: 5.640 Thread 0x00000000188ef800 Exception <a 'java/lang/NoSuchMethodError': <clinit>> (0x00000000e0ac53a8) thrown at [C:\src\android\AOSP-openjdk\external\jetbrains\jdk\hotspot\src\share\vm\prims\jni.cpp, line 1613]
Event: 5.691 Thread 0x0000000018874000 Exception <a 'java/lang/NoSuchMethodError': <clinit>> (0x00000000e0b76228) thrown at [C:\src\android\AOSP-openjdk\external\jetbrains\jdk\hotspot\src\share\vm\prims\jni.cpp, line 1613]
Event: 5.693 Thread 0x0000000018874000 Exception <a 'java/lang/NoSuchMethodError': <clinit>> (0x00000000e0b7e4b0) thrown at [C:\src\android\AOSP-openjdk\external\jetbrains\jdk\hotspot\src\share\vm\prims\jni.cpp, line 1613]
Event: 5.781 Thread 0x0000000018874000 Exception <a 'java/lang/ArrayIndexOutOfBoundsException'> (0x00000000e0d9e7f8) thrown at [C:\src\android\AOSP-openjdk\external\jetbrains\jdk\hotspot\src\share\vm\runtime\sharedRuntime.cpp, line 605]
Event: 5.834 Thread 0x0000000018874000 Exception <a 'java/lang/ArrayIndexOutOfBoundsException'> (0x00000000e0e6f7e0) thrown at [C:\src\android\AOSP-openjdk\external\jetbrains\jdk\hotspot\src\share\vm\runtime\sharedRuntime.cpp, line 605]
Event: 7.030 Thread 0x0000000018874000 Exception <a 'java/lang/NoSuchMethodError': <clinit>> (0x00000000e0b02978) thrown at [C:\src\android\AOSP-openjdk\external\jetbrains\jdk\hotspot\src\share\vm\prims\jni.cpp, line 1613]
Event: 7.030 Thread 0x0000000018874000 Exception <a 'java/lang/NoSuchMethodError': <clinit>> (0x00000000e0b05148) thrown at [C:\src\android\AOSP-openjdk\external\jetbrains\jdk\hotspot\src\share\vm\prims\jni.cpp, line 1613]
Event: 7.034 Thread 0x0000000018874000 Exception <a 'java/lang/NoSuchMethodError': <clinit>> (0x00000000e0b11428) thrown at [C:\src\android\AOSP-openjdk\external\jetbrains\jdk\hotspot\src\share\vm\prims\jni.cpp, line 1613]
Event: 7.037 Thread 0x0000000018874000 Exception <a 'java/lang/NoSuchMethodError': <clinit>> (0x00000000e0b1ba28) thrown at [C:\src\android\AOSP-openjdk\external\jetbrains\jdk\hotspot\src\share\vm\prims\jni.cpp, line 1613]

Events (10 events):
Event: 7.167 Executing VM operation: Deoptimize done
Event: 7.167 Thread 0x00000000177b6000 flushing nmethod 0x0000000002be2e50
Event: 7.167 Thread 0x00000000177b6000 flushing nmethod 0x0000000002bed450
Event: 7.167 Thread 0x00000000177b6000 flushing nmethod 0x0000000002bf1150
Event: 7.167 loading class com/google/common/io/ByteStreams$LimitedInputStream
Event: 7.167 loading class com/google/common/io/ByteStreams$LimitedInputStream done
Event: 7.168 loading class com/google/common/io/ByteStreams$1
Event: 7.168 loading class com/google/common/io/ByteStreams$1 done
Event: 7.169 loading class org/gradle/api/internal/changedetection/state/CachingFileHasher$FileInfo
Event: 7.169 loading class org/gradle/api/internal/changedetection/state/CachingFileHasher$FileInfo done


Dynamic libraries:
0x00007ff7656c0000 - 0x00007ff7656f1000 	C:\Android\Android Studio\jre\bin\java.exe
0x00007ffdebae0000 - 0x00007ffdebc8d000 	C:\Windows\SYSTEM32\ntdll.dll
0x00007ffdea980000 - 0x00007ffdeaabe000 	C:\Windows\system32\KERNEL32.DLL
0x00007ffde9050000 - 0x00007ffde9165000 	C:\Windows\system32\KERNELBASE.dll
0x00007ffdeb010000 - 0x00007ffdeb0ba000 	C:\Windows\system32\ADVAPI32.dll
0x00007ffdeb490000 - 0x00007ffdeb607000 	C:\Windows\system32\USER32.dll
0x00007ffde6d00000 - 0x00007ffde6f7b000 	C:\Windows\WinSxS\amd64_microsoft.windows.common-controls_6595b64144ccf1df_6.0.9600.18006_none_623f33d3ecbe86e8\COMCTL32.dll
0x00007ffdea870000 - 0x00007ffdea91a000 	C:\Windows\system32\msvcrt.dll
0x00007ffdeb120000 - 0x00007ffdeb179000 	C:\Windows\SYSTEM32\sechost.dll
0x00007ffdeb180000 - 0x00007ffdeb2c0000 	C:\Windows\system32\RPCRT4.dll
0x00007ffdeaec0000 - 0x00007ffdeb00b000 	C:\Windows\system32\GDI32.dll
0x00007ffde8ce0000 - 0x00007ffde8d0e000 	C:\Windows\system32\SspiCli.dll
0x00007ffdeb2c0000 - 0x00007ffdeb2f6000 	C:\Windows\system32\IMM32.DLL
0x00007ffdeb970000 - 0x00007ffdebac1000 	C:\Windows\system32\MSCTF.dll
0x0000000065350000 - 0x0000000065422000 	C:\Android\Android Studio\jre\jre\bin\msvcr100.dll
0x0000000065430000 - 0x0000000065c6c000 	C:\Android\Android Studio\jre\jre\bin\server\jvm.dll
0x00007ffde00c0000 - 0x00007ffde00c9000 	C:\Windows\SYSTEM32\WSOCK32.dll
0x00007ffde6030000 - 0x00007ffde6052000 	C:\Windows\SYSTEM32\WINMM.dll
0x00007ffde6060000 - 0x00007ffde606a000 	C:\Windows\SYSTEM32\VERSION.dll
0x00007ffde9170000 - 0x00007ffde9177000 	C:\Windows\system32\PSAPI.DLL
0x00007ffdea920000 - 0x00007ffdea97a000 	C:\Windows\system32\WS2_32.dll
0x00007ffde5e90000 - 0x00007ffde5eba000 	C:\Windows\SYSTEM32\WINMMBASE.dll
0x00007ffdeb480000 - 0x00007ffdeb489000 	C:\Windows\system32\NSI.dll
0x00007ffde8fa0000 - 0x00007ffde8fef000 	C:\Windows\SYSTEM32\cfgmgr32.dll
0x00007ffde7a40000 - 0x00007ffde7a68000 	C:\Windows\SYSTEM32\DEVOBJ.dll
0x00007ffddd060000 - 0x00007ffddd06f000 	C:\Android\Android Studio\jre\jre\bin\verify.dll
0x00007ffddc670000 - 0x00007ffddc699000 	C:\Android\Android Studio\jre\jre\bin\java.dll
0x00007ffdd8c50000 - 0x00007ffdd8c66000 	C:\Android\Android Studio\jre\jre\bin\zip.dll
0x00007ffde91a0000 - 0x00007ffdea6cc000 	C:\Windows\system32\SHELL32.dll
0x00007ffdeaca0000 - 0x00007ffdeaeb2000 	C:\Windows\SYSTEM32\combase.dll
0x00007ffdeb890000 - 0x00007ffdeb8e4000 	C:\Windows\system32\SHLWAPI.dll
0x00007ffde76f0000 - 0x00007ffde77a2000 	C:\Windows\SYSTEM32\SHCORE.dll
0x00007ffde8c10000 - 0x00007ffde8c25000 	C:\Windows\SYSTEM32\profapi.dll
0x00007ffdd8c30000 - 0x00007ffdd8c4a000 	C:\Android\Android Studio\jre\jre\bin\net.dll
0x00007ffde8440000 - 0x00007ffde8499000 	C:\Windows\system32\mswsock.dll
0x00007ffdd8b90000 - 0x00007ffdd8ba1000 	C:\Android\Android Studio\jre\jre\bin\nio.dll
0x00007ffdd8b50000 - 0x00007ffdd8b6e000 	C:\Users\acer\.gradle\native\23\windows-amd64\native-platform.dll
0x00007ffde84a0000 - 0x00007ffde84c0000 	C:\Windows\SYSTEM32\CRYPTSP.dll
0x00007ffde80c0000 - 0x00007ffde80f6000 	C:\Windows\system32\rsaenh.dll
0x00007ffde86f0000 - 0x00007ffde8716000 	C:\Windows\SYSTEM32\bcrypt.dll
0x00007ffde81d0000 - 0x00007ffde81f1000 	C:\Windows\SYSTEM32\USERENV.dll
0x00007ffde8a60000 - 0x00007ffde8ac3000 	C:\Windows\system32\bcryptprimitives.dll
0x00007ffde8be0000 - 0x00007ffde8beb000 	C:\Windows\SYSTEM32\CRYPTBASE.dll
0x00007ffde3110000 - 0x00007ffde313a000 	C:\Windows\SYSTEM32\IPHLPAPI.DLL
0x00007ffde2c10000 - 0x00007ffde2c1a000 	C:\Windows\SYSTEM32\WINNSI.DLL
0x00007ffde2ac0000 - 0x00007ffde2ad6000 	C:\Windows\SYSTEM32\dhcpcsvc6.DLL
0x00007ffde28c0000 - 0x00007ffde28da000 	C:\Windows\SYSTEM32\dhcpcsvc.DLL
0x00007ffddd030000 - 0x00007ffddd03d000 	C:\Android\Android Studio\jre\jre\bin\management.dll

VM Arguments:
jvm_args: -Xmx1536m -Dfile.encoding=GBK -Duser.country=CN -Duser.language=zh -Duser.variant 
java_command: org.gradle.launcher.daemon.bootstrap.GradleDaemon 3.3
java_class_path (initial): C:\Users\acer\.gradle\wrapper\dists\gradle-3.3-all\55gk2rcmfc6p2dg9u9ohc3hw9\gradle-3.3\lib\gradle-launcher-3.3.jar
Launcher Type: SUN_STANDARD

Environment Variables:
JAVA_HOME=D:\Program Files (x86)\Java\jdk1.7.0_45
PATH=C:\ProgramData\Oracle\Java\javapath;C:\Windows\system32;C:\Windows;C:\Windows\System32\Wbem;C:\Windows\System32\WindowsPowerShell\v1.0\;D:\Program Files (x86)\Java\jdk1.7.0_45\bin;D:\Program Files (x86)\Java\jdk1.7.0_45\jre\bin;C:\Android\sdk\platform-tools;C:\Program Files\MySQL\MySQL Server 5.6\bin;G:\Mockplus;C:\Users\acer\MyEclipse Professional 2014;G:\apache-tomcat-7.0.85-windows-x64\apache-tomcat-7.0.85\bin
USERNAME=acer
OS=Windows_NT
PROCESSOR_IDENTIFIER=Intel64 Family 6 Model 55 Stepping 8, GenuineIntel



---------------  S Y S T E M  ---------------

OS: Windows 8.1 , 64 bit Build 9600 (6.3.9600.17415)

CPU:total 4 (4 cores per cpu, 1 threads per core) family 6 model 55 stepping 8, cmov, cx8, fxsr, mmx, sse, sse2, sse3, ssse3, sse4.1, sse4.2, popcnt, clmul, erms, 3dnowpref, tsc, tscinvbit

Memory: 4k page, physical 4073680k(823388k free), swap 6170832k(5660k free)

vm_info: OpenJDK 64-Bit Server VM (25.112-b06) for windows-amd64 JRE (1.8.0_112-release-b06), built on Dec  8 2016 00:54:26 by "builder" with MS VC++ 10.0 (VS2010)

time: Wed Mar 28 01:01:10 2018
elapsed time: 7 seconds (0d 0h 0m 7s)

