#
# There is insufficient memory for the Java Runtime Environment to continue.
# Native memory allocation (malloc) failed to allocate 63152 bytes for Chunk::new
# Possible reasons:
#   The system is out of physical RAM or swap space
#   In 32 bit mode, the process size limit was hit
# Possible solutions:
#   Reduce memory load on the system
#   Increase physical memory or swap space
#   Check if swap backing store is full
#   Use 64 bit Java on a 64 bit OS
#   Decrease Java heap size (-Xmx/-Xms)
#   Decrease number of Java threads
#   Decrease Java thread stack sizes (-Xss)
#   Set larger code cache with -XX:ReservedCodeCacheSize=
# This output file may be truncated or incomplete.
#
#  Out of Memory Error (allocation.cpp:390), pid=4072, tid=0x00000000000010d8
#
# JRE version: OpenJDK Runtime Environment (8.0_112-b06) (build 1.8.0_112-release-b06)
# Java VM: OpenJDK 64-Bit Server VM (25.112-b06 mixed mode windows-amd64 compressed oops)
# Failed to write core dump. Minidumps are not enabled by default on client versions of Windows
#

---------------  T H R E A D  ---------------

Current thread (0x00000000168d9800):  JavaThread "C2 CompilerThread1" daemon [_thread_in_native, id=4312, stack(0x00000000182d0000,0x00000000183d0000)]

Stack: [0x00000000182d0000,0x00000000183d0000]
[error occurred during error reporting (printing stack bounds), id 0xc0000005]

Native frames: (J=compiled Java code, j=interpreted, Vv=VM code, C=native code)


Current CompileTask:
C2:1943985 9604       4       groovy.lang.MetaClassImpl::getPropName (72 bytes)


---------------  P R O C E S S  ---------------

Java Threads: ( => current thread )
  0x000000001e014800 JavaThread "Stdin handler" [_thread_blocked, id=692, stack(0x000000001a9a0000,0x000000001aaa0000)]
  0x000000001e011000 JavaThread "Asynchronous log dispatcher for DefaultDaemonConnection: socket connection from /127.0.0.1:1284 to /127.0.0.1:1879" [_thread_blocked, id=7020, stack(0x000000001a8a0000,0x000000001a9a0000)]
  0x000000001e013000 JavaThread "Daemon worker Thread 2" [_thread_in_Java, id=560, stack(0x000000001a7a0000,0x000000001a8a0000)]
  0x000000001e012800 JavaThread "Cancel handler" [_thread_blocked, id=5712, stack(0x000000001a6a0000,0x000000001a7a0000)]
  0x000000001e014000 JavaThread "Handler for socket connection from /127.0.0.1:1284 to /127.0.0.1:1879" [_thread_in_native, id=3252, stack(0x000000001a4a0000,0x000000001a5a0000)]
  0x000000001e00f800 JavaThread "Daemon Thread 2" [_thread_blocked, id=4224, stack(0x000000001a3a0000,0x000000001a4a0000)]
  0x0000000017caf000 JavaThread "File lock request listener" [_thread_in_native, id=6612, stack(0x000000001bc70000,0x000000001bd70000)]
  0x0000000019951000 JavaThread "pool-1-thread-1" [_thread_blocked, id=3412, stack(0x000000001a5a0000,0x000000001a6a0000)]
  0x000000001934c800 JavaThread "Incoming local TCP Connector on port 1284" [_thread_in_native, id=5012, stack(0x000000001a0a0000,0x000000001a1a0000)]
  0x0000000017c5f800 JavaThread "Service Thread" daemon [_thread_blocked, id=6684, stack(0x00000000184d0000,0x00000000185d0000)]
  0x00000000168dc800 JavaThread "C1 CompilerThread2" daemon [_thread_blocked, id=4732, stack(0x00000000183d0000,0x00000000184d0000)]
=>0x00000000168d9800 JavaThread "C2 CompilerThread1" daemon [_thread_in_native, id=4312, stack(0x00000000182d0000,0x00000000183d0000)]
  0x00000000168d6000 JavaThread "C2 CompilerThread0" daemon [_thread_in_native, id=2940, stack(0x00000000181d0000,0x00000000182d0000)]
  0x000000001688b000 JavaThread "Attach Listener" daemon [_thread_blocked, id=7132, stack(0x00000000180d0000,0x00000000181d0000)]
  0x0000000017bd8800 JavaThread "Signal Dispatcher" daemon [_thread_blocked, id=1924, stack(0x0000000017fd0000,0x00000000180d0000)]
  0x0000000016867000 JavaThread "Finalizer" daemon [_thread_blocked, id=3864, stack(0x0000000017ad0000,0x0000000017bd0000)]
  0x0000000002e10000 JavaThread "Reference Handler" daemon [_thread_blocked, id=3920, stack(0x00000000179d0000,0x0000000017ad0000)]
  0x0000000002d20800 JavaThread "main" [_thread_blocked, id=1392, stack(0x00000000028a0000,0x00000000029a0000)]

Other Threads:
  0x0000000016845000 VMThread [stack: 0x00000000178d0000,0x00000000179d0000] [id=5444]
  0x0000000017c60800 WatcherThread [stack: 0x00000000185d0000,0x00000000186d0000] [id=6980]

VM state:not at safepoint (normal execution)

VM Mutex/Monitor currently owned by a thread: None

Heap:
 PSYoungGen      total 186368K, used 90977K [0x00000000e0000000, 0x00000000edd80000, 0x0000000100000000)
  eden space 176640K, 46% used [0x00000000e0000000,0x00000000e5108468,0x00000000eac80000)
  from space 9728K, 82% used [0x00000000ed400000,0x00000000edbd0330,0x00000000edd80000)
  to   space 25088K, 0% used [0x00000000eac80000,0x00000000eac80000,0x00000000ec500000)
 ParOldGen       total 105984K, used 45481K [0x00000000a0000000, 0x00000000a6780000, 0x00000000e0000000)
  object space 105984K, 42% used [0x00000000a0000000,0x00000000a2c6a6b8,0x00000000a6780000)
 Metaspace       used 61452K, capacity 64085K, committed 64384K, reserved 1105920K
  class space    used 8230K, capacity 8756K, committed 8832K, reserved 1048576K

Card table byte_map: [0x00000000122d0000,0x00000000125e0000] byte_map_base: 0x0000000011dd0000

Marking Bits: (ParMarkBitMap*) 0x0000000071eb18f0
 Begin Bits: [0x0000000012be0000, 0x00000000143e0000)
 End Bits:   [0x00000000143e0000, 0x0000000015be0000)

Polling page: 0x0000000001010000

CodeCache: size=245760Kb used=27357Kb max_used=27357Kb free=218402Kb
 bounds [0x0000000002f10000, 0x0000000004a10000, 0x0000000011f10000]
 total_blobs=8873 nmethods=8083 adapters=703
 compilation: enabled

Compilation events (10 events):
Event: 1943.547 Thread 0x00000000168dc800 nmethod 9607 0x00000000048e9f90 code [0x00000000048ea100, 0x00000000048ea408]
Event: 1943.550 Thread 0x00000000168dc800 9608       3       java.util.Optional::of (9 bytes)
Event: 1943.551 Thread 0x00000000168dc800 nmethod 9608 0x00000000045950d0 code [0x0000000004595260, 0x0000000004595608]
Event: 1943.551 Thread 0x00000000168dc800 9609       3       java.util.Optional::<init> (13 bytes)
Event: 1943.552 Thread 0x00000000168dc800 nmethod 9609 0x00000000033c0190 code [0x00000000033c0300, 0x00000000033c0628]
Event: 1943.560 Thread 0x00000000168dc800 9610       3       org.gradle.api.internal.project.taskfactory.DependencyAutoWireTaskFactory::createTask (15 bytes)
Event: 1943.564 Thread 0x00000000168dc800 nmethod 9610 0x00000000034be210 code [0x00000000034be3e0, 0x00000000034bec68]
Event: 1943.564 Thread 0x00000000168dc800 9611       3       org.gradle.api.internal.project.taskfactory.AnnotationProcessingTaskFactory::createTask (15 bytes)
Event: 1943.564 Thread 0x00000000168dc800 nmethod 9611 0x00000000033bfc50 code [0x00000000033bfdc0, 0x00000000033c0018]
Event: 1943.564 Thread 0x00000000168dc800 9612       3       org.gradle.api.internal.project.taskfactory.TaskFactory::createTask (214 bytes)

GC Heap History (10 events):
Event: 37.422 GC heap before
{Heap before GC invocations=13 (full 2):
 PSYoungGen      total 126976K, used 124829K [0x00000000e0000000, 0x00000000e8c80000, 0x0000000100000000)
  eden space 115200K, 100% used [0x00000000e0000000,0x00000000e7080000,0x00000000e7080000)
  from space 11776K, 81% used [0x00000000e7c80000,0x00000000e85e7430,0x00000000e8800000)
  to   space 12288K, 0% used [0x00000000e7080000,0x00000000e7080000,0x00000000e7c80000)
 ParOldGen       total 60928K, used 17431K [0x00000000a0000000, 0x00000000a3b80000, 0x00000000e0000000)
  object space 60928K, 28% used [0x00000000a0000000,0x00000000a1105c70,0x00000000a3b80000)
 Metaspace       used 47734K, capacity 48816K, committed 49152K, reserved 1091584K
  class space    used 6366K, capacity 6630K, committed 6656K, reserved 1048576K
Event: 37.457 GC heap after
Heap after GC invocations=13 (full 2):
 PSYoungGen      total 127488K, used 12256K [0x00000000e0000000, 0x00000000eac00000, 0x0000000100000000)
  eden space 115200K, 0% used [0x00000000e0000000,0x00000000e0000000,0x00000000e7080000)
  from space 12288K, 99% used [0x00000000e7080000,0x00000000e7c78160,0x00000000e7c80000)
  to   space 15360K, 0% used [0x00000000e9d00000,0x00000000e9d00000,0x00000000eac00000)
 ParOldGen       total 60928K, used 21344K [0x00000000a0000000, 0x00000000a3b80000, 0x00000000e0000000)
  object space 60928K, 35% used [0x00000000a0000000,0x00000000a14d8070,0x00000000a3b80000)
 Metaspace       used 47734K, capacity 48816K, committed 49152K, reserved 1091584K
  class space    used 6366K, capacity 6630K, committed 6656K, reserved 1048576K
}
Event: 41.970 GC heap before
{Heap before GC invocations=14 (full 2):
 PSYoungGen      total 127488K, used 127456K [0x00000000e0000000, 0x00000000eac00000, 0x0000000100000000)
  eden space 115200K, 100% used [0x00000000e0000000,0x00000000e7080000,0x00000000e7080000)
  from space 12288K, 99% used [0x00000000e7080000,0x00000000e7c78160,0x00000000e7c80000)
  to   space 15360K, 0% used [0x00000000e9d00000,0x00000000e9d00000,0x00000000eac00000)
 ParOldGen       total 60928K, used 21344K [0x00000000a0000000, 0x00000000a3b80000, 0x00000000e0000000)
  object space 60928K, 35% used [0x00000000a0000000,0x00000000a14d8070,0x00000000a3b80000)
 Metaspace       used 53056K, capacity 54672K, committed 54784K, reserved 1095680K
  class space    used 7212K, capacity 7600K, committed 7680K, reserved 1048576K
Event: 42.069 GC heap after
Heap after GC invocations=14 (full 2):
 PSYoungGen      total 155648K, used 15330K [0x00000000e0000000, 0x00000000ebb80000, 0x0000000100000000)
  eden space 140288K, 0% used [0x00000000e0000000,0x00000000e0000000,0x00000000e8900000)
  from space 15360K, 99% used [0x00000000e9d00000,0x00000000eabf88f8,0x00000000eac00000)
  to   space 20480K, 0% used [0x00000000e8900000,0x00000000e8900000,0x00000000e9d00000)
 ParOldGen       total 60928K, used 28851K [0x00000000a0000000, 0x00000000a3b80000, 0x00000000e0000000)
  object space 60928K, 47% used [0x00000000a0000000,0x00000000a1c2ccf8,0x00000000a3b80000)
 Metaspace       used 53056K, capacity 54672K, committed 54784K, reserved 1095680K
  class space    used 7212K, capacity 7600K, committed 7680K, reserved 1048576K
}
Event: 44.594 GC heap before
{Heap before GC invocations=15 (full 2):
 PSYoungGen      total 155648K, used 116515K [0x00000000e0000000, 0x00000000ebb80000, 0x0000000100000000)
  eden space 140288K, 72% used [0x00000000e0000000,0x00000000e62d05b0,0x00000000e8900000)
  from space 15360K, 99% used [0x00000000e9d00000,0x00000000eabf88f8,0x00000000eac00000)
  to   space 20480K, 0% used [0x00000000e8900000,0x00000000e8900000,0x00000000e9d00000)
 ParOldGen       total 60928K, used 28851K [0x00000000a0000000, 0x00000000a3b80000, 0x00000000e0000000)
  object space 60928K, 47% used [0x00000000a0000000,0x00000000a1c2ccf8,0x00000000a3b80000)
 Metaspace       used 56823K, capacity 59015K, committed 59028K, reserved 1099776K
  class space    used 7708K, capacity 8179K, committed 8192K, reserved 1048576K
Event: 44.675 GC heap after
Heap after GC invocations=15 (full 2):
 PSYoungGen      total 160768K, used 20466K [0x00000000e0000000, 0x00000000eed80000, 0x0000000100000000)
  eden space 140288K, 0% used [0x00000000e0000000,0x00000000e0000000,0x00000000e8900000)
  from space 20480K, 99% used [0x00000000e8900000,0x00000000e9cfc928,0x00000000e9d00000)
  to   space 26112K, 0% used [0x00000000ed400000,0x00000000ed400000,0x00000000eed80000)
 ParOldGen       total 60928K, used 36655K [0x00000000a0000000, 0x00000000a3b80000, 0x00000000e0000000)
  object space 60928K, 60% used [0x00000000a0000000,0x00000000a23cbf58,0x00000000a3b80000)
 Metaspace       used 56823K, capacity 59015K, committed 59028K, reserved 1099776K
  class space    used 7708K, capacity 8179K, committed 8192K, reserved 1048576K
}
Event: 44.675 GC heap before
{Heap before GC invocations=16 (full 3):
 PSYoungGen      total 160768K, used 20466K [0x00000000e0000000, 0x00000000eed80000, 0x0000000100000000)
  eden space 140288K, 0% used [0x00000000e0000000,0x00000000e0000000,0x00000000e8900000)
  from space 20480K, 99% used [0x00000000e8900000,0x00000000e9cfc928,0x00000000e9d00000)
  to   space 26112K, 0% used [0x00000000ed400000,0x00000000ed400000,0x00000000eed80000)
 ParOldGen       total 60928K, used 36655K [0x00000000a0000000, 0x00000000a3b80000, 0x00000000e0000000)
  object space 60928K, 60% used [0x00000000a0000000,0x00000000a23cbf58,0x00000000a3b80000)
 Metaspace       used 56823K, capacity 59015K, committed 59028K, reserved 1099776K
  class space    used 7708K, capacity 8179K, committed 8192K, reserved 1048576K
Event: 45.153 GC heap after
Heap after GC invocations=16 (full 3):
 PSYoungGen      total 160768K, used 0K [0x00000000e0000000, 0x00000000eed80000, 0x0000000100000000)
  eden space 140288K, 0% used [0x00000000e0000000,0x00000000e0000000,0x00000000e8900000)
  from space 20480K, 0% used [0x00000000e8900000,0x00000000e8900000,0x00000000e9d00000)
  to   space 26112K, 0% used [0x00000000ed400000,0x00000000ed400000,0x00000000eed80000)
 ParOldGen       total 105984K, used 45473K [0x00000000a0000000, 0x00000000a6780000, 0x00000000e0000000)
  object space 105984K, 42% used [0x00000000a0000000,0x00000000a2c686b8,0x00000000a6780000)
 Metaspace       used 56823K, capacity 59015K, committed 59028K, reserved 1099776K
  class space    used 7708K, capacity 8179K, committed 8192K, reserved 1048576K
}
Event: 74.202 GC heap before
{Heap before GC invocations=17 (full 3):
 PSYoungGen      total 160768K, used 140288K [0x00000000e0000000, 0x00000000eed80000, 0x0000000100000000)
  eden space 140288K, 100% used [0x00000000e0000000,0x00000000e8900000,0x00000000e8900000)
  from space 20480K, 0% used [0x00000000e8900000,0x00000000e8900000,0x00000000e9d00000)
  to   space 26112K, 0% used [0x00000000ed400000,0x00000000ed400000,0x00000000eed80000)
 ParOldGen       total 105984K, used 45473K [0x00000000a0000000, 0x00000000a6780000, 0x00000000e0000000)
  object space 105984K, 42% used [0x00000000a0000000,0x00000000a2c686b8,0x00000000a6780000)
 Metaspace       used 60865K, capacity 63297K, committed 63616K, reserved 1103872K
  class space    used 8193K, capacity 8728K, committed 8832K, reserved 1048576K
Event: 74.262 GC heap after
Heap after GC invocations=17 (full 3):
 PSYoungGen      total 186368K, used 8000K [0x00000000e0000000, 0x00000000edd80000, 0x0000000100000000)
  eden space 176640K, 0% used [0x00000000e0000000,0x00000000e0000000,0x00000000eac80000)
  from space 9728K, 82% used [0x00000000ed400000,0x00000000edbd0330,0x00000000edd80000)
  to   space 25088K, 0% used [0x00000000eac80000,0x00000000eac80000,0x00000000ec500000)
 ParOldGen       total 105984K, used 45481K [0x00000000a0000000, 0x00000000a6780000, 0x00000000e0000000)
  object space 105984K, 42% used [0x00000000a0000000,0x00000000a2c6a6b8,0x00000000a6780000)
 Metaspace       used 60865K, capacity 63297K, committed 63616K, reserved 1103872K
  class space    used 8193K, capacity 8728K, committed 8832K, reserved 1048576K
}

Deoptimization events (10 events):
Event: 66.068 Thread 0x0000000019954000 Uncommon trap: reason=speculate_class_check action=maybe_recompile pc=0x000000000390373c method=com.sun.org.apache.xerces.internal.dom.ElementImpl.getNodeName()Ljava/lang/String; @ 8
Event: 66.087 Thread 0x0000000019954000 Uncommon trap: reason=speculate_class_check action=maybe_recompile pc=0x000000000390373c method=com.sun.org.apache.xerces.internal.dom.ElementImpl.getNodeName()Ljava/lang/String; @ 8
Event: 66.104 Thread 0x0000000019954000 Uncommon trap: reason=speculate_class_check action=maybe_recompile pc=0x000000000390373c method=com.sun.org.apache.xerces.internal.dom.ElementImpl.getNodeName()Ljava/lang/String; @ 8
Event: 66.411 Thread 0x0000000019954000 Uncommon trap: reason=unstable_if action=reinterpret pc=0x00000000032ad090 method=sun.nio.cs.ext.DoubleByte$Encoder.encodeArrayLoop(Ljava/nio/CharBuffer;Ljava/nio/ByteBuffer;)Ljava/nio/charset/CoderResult; @ 296
Event: 66.828 Thread 0x0000000019954000 Uncommon trap: reason=unstable_if action=reinterpret pc=0x00000000048b79b8 method=java.util.regex.Pattern.append(II)V @ 6
Event: 66.841 Thread 0x0000000019954000 Uncommon trap: reason=unstable_if action=reinterpret pc=0x0000000003604684 method=java.util.regex.Pattern.append(II)V @ 6
Event: 73.192 Thread 0x0000000019954000 Uncommon trap: reason=unstable_if action=reinterpret pc=0x000000000392dd30 method=com.sun.org.apache.xerces.internal.dom.DeferredDocumentImpl.getPrevSibling(IZ)I @ 2
Event: 74.839 Thread 0x000000001e014800 Uncommon trap: reason=class_check action=maybe_recompile pc=0x0000000004297534 method=java.util.concurrent.locks.ReentrantLock.lock()V @ 4
Event: 1943.215 Thread 0x000000001e013000 Uncommon trap: reason=null_check action=make_not_entrant pc=0x0000000003bbe2d8 method=sun.nio.fs.NativeBuffers.getNativeBufferFromCache(I)Lsun/nio/fs/NativeBuffer; @ 6
Event: 1943.216 Thread 0x000000001e013000 Uncommon trap: reason=null_check action=make_not_entrant pc=0x0000000003bbfa90 method=sun.nio.fs.NativeBuffers.releaseNativeBuffer(Lsun/nio/fs/NativeBuffer;)V @ 6

Internal exceptions (10 events):
Event: 66.891 Thread 0x0000000019954000 Exception <a 'java/lang/NoSuchMethodError': java.lang.Object.lambda$negate$1(Ljava/lang/Object;)Z> (0x00000000e712baa0) thrown at [C:\src\android\AOSP-openjdk\external\jetbrains\jdk\hotspot\src\share\vm\interpreter\linkResolver.cpp, line 582]
Event: 74.946 Thread 0x0000000019954000 Exception <a 'sun/nio/fs/WindowsException'> (0x00000000e03b4268) thrown at [C:\src\android\AOSP-openjdk\external\jetbrains\jdk\hotspot\src\share\vm\prims\jni.cpp, line 709]
Event: 1939.979 Thread 0x000000001e013000 Exception <a 'java/lang/ClassNotFoundException': asLocalRepo9607_571mmf21b1351hv76ve4ieikiBeanInfo> (0x00000000e1f86d28) thrown at [C:\src\android\AOSP-openjdk\external\jetbrains\jdk\hotspot\src\share\vm\classfile\systemDictionary.cpp, line 210]
Event: 1939.982 Thread 0x000000001e013000 Exception <a 'java/lang/ClassNotFoundException': asLocalRepo9607_571mmf21b1351hv76ve4ieikiCustomizer> (0x00000000e1f92330) thrown at [C:\src\android\AOSP-openjdk\external\jetbrains\jdk\hotspot\src\share\vm\classfile\systemDictionary.cpp, line 210]
Event: 1943.214 Thread 0x000000001e013000 Implicit null exception at 0x0000000003bbe192 to 0x0000000003bbe2c9
Event: 1943.216 Thread 0x000000001e013000 Implicit null exception at 0x0000000003bbf8b2 to 0x0000000003bbfa81
Event: 1943.526 Thread 0x000000001e013000 Exception <a 'java/lang/ClassNotFoundException': com/android/build/gradle/tasks/CheckManifestInInstantRunMode_DecoratedBeanInfo> (0x00000000e500fc08) thrown at [C:\src\android\AOSP-openjdk\external\jetbrains\jdk\hotspot\src\share\vm\classfile\systemDictioníýš¹^ž@
Event: 1943.529 Thread 0x000000001e013000 Exception <a 'java/lang/ClassNotFoundException': com/android/build/gradle/tasks/CheckManifestInInstantRunModeBeanInfo> (0x00000000e5024f28) thrown at [C:\src\android\AOSP-openjdk\external\jetbrains\jdk\hotspot\src\share\vm\classfile\systemDictionary.cpp, l©äÕ^ž@
Event: 1943.531 Thread 0x000000001e013000 Exception <a 'java/lang/ClassNotFoundException': com/android/build/gradle/tasks/CheckManifestInInstantRunModeCustomizer> (0x00000000e503a680) thrown at [C:\src\android\AOSP-openjdk\external\jetbrains\jdk\hotspot\src\share\vm\classfile\systemDictionary.cpp,¢(^ž@
Event: 1943.539 Thread 0x000000001e013000 Exception <a 'java/lang/ClassNotFoundException': com/android/build/gradle/tasks/CheckManifestInInstantRunMode_DecoratedCustomizer> (0x00000000e50664f8) thrown at [C:\src\android\AOSP-openjdk\external\jetbrains\jdk\hotspot\src\share\vm\classfile\systemDicti

Events (10 events):
Event: 1943.551 loading class com/android/build/gradle/internal/InstantRunTaskManager
Event: 1943.551 loading class com/android/build/gradle/internal/InstantRunTaskManager done
Event: 1943.556 loading class com/android/build/gradle/internal/InstantRunTaskManager
Event: 1943.556 loading class com/android/build/gradle/internal/InstantRunTaskManager done
Event: 1943.557 loading class com/android/build/gradle/tasks/fd/FastDeployRuntimeExtractorTask$ConfigAction
Event: 1943.557 loading class com/android/build/gradle/tasks/fd/FastDeployRuntimeExtractorTask$ConfigAction done
Event: 1943.559 loading class com/android/build/gradle/tasks/fd/FastDeployRuntimeExtractorTask
Event: 1943.559 loading class com/android/build/gradle/tasks/fd/FastDeployRuntimeExtractorTask done
Event: 1943.561 loading class java/util/jar/JarOutputStream
Event: 1943.563 loading class java/util/jar/JarOutputStream done


Dynamic libraries:
0x00007ff6e1f20000 - 0x00007ff6e1f51000 	C:\Android\Android Studio\jre\bin\java.exe
0x00007ffd0bc60000 - 0x00007ffd0be0d000 	C:\Windows\SYSTEM32\ntdll.dll
0x00007ffd0af10000 - 0x00007ffd0b04e000 	C:\Windows\system32\KERNEL32.DLL
0x00007ffd09120000 - 0x00007ffd09235000 	C:\Windows\system32\KERNELBASE.dll
0x00007ffd092f0000 - 0x00007ffd0939a000 	C:\Windows\system32\ADVAPI32.dll
0x00007ffd09540000 - 0x00007ffd096b7000 	C:\Windows\system32\USER32.dll
0x00007ffd06e80000 - 0x00007ffd070fb000 	C:\Windows\WinSxS\amd64_microsoft.windows.common-controls_6595b64144ccf1df_6.0.9600.18006_none_623f33d3ecbe86e8\COMCTL32.dll
0x00007ffd0b500000 - 0x00007ffd0b5aa000 	C:\Windows\system32\msvcrt.dll
0x00007ffd0b050000 - 0x00007ffd0b0a9000 	C:\Windows\SYSTEM32\sechost.dll
0x00007ffd0b650000 - 0x00007ffd0b790000 	C:\Windows\system32\RPCRT4.dll
0x00007ffd096c0000 - 0x00007ffd0980b000 	C:\Windows\system32\GDI32.dll
0x00007ffd08f10000 - 0x00007ffd08f3e000 	C:\Windows\system32\SspiCli.dll
0x00007ffd0b5b0000 - 0x00007ffd0b5e6000 	C:\Windows\system32\IMM32.DLL
0x00007ffd0b170000 - 0x00007ffd0b2c1000 	C:\Windows\system32\MSCTF.dll
0x0000000071610000 - 0x00000000716e2000 	C:\Android\Android Studio\jre\jre\bin\msvcr100.dll
0x00000000716f0000 - 0x0000000071f2c000 	C:\Android\Android Studio\jre\jre\bin\server\jvm.dll
0x00007ffd04460000 - 0x00007ffd04469000 	C:\Windows\SYSTEM32\WSOCK32.dll
0x00007ffd061b0000 - 0x00007ffd061d2000 	C:\Windows\SYSTEM32\WINMM.dll
0x00007ffd061e0000 - 0x00007ffd061ea000 	C:\Windows\SYSTEM32\VERSION.dll
0x00007ffd0ad50000 - 0x00007ffd0ad57000 	C:\Windows\system32\PSAPI.DLL
0x00007ffd0b5f0000 - 0x00007ffd0b64a000 	C:\Windows\system32\WS2_32.dll
0x00007ffd06010000 - 0x00007ffd0603a000 	C:\Windows\SYSTEM32\WINMMBASE.dll
0x00007ffd0b2d0000 - 0x00007ffd0b2d9000 	C:\Windows\system32\NSI.dll
0x00007ffd09240000 - 0x00007ffd0928f000 	C:\Windows\SYSTEM32\cfgmgr32.dll
0x00007ffd07ba0000 - 0x00007ffd07bc8000 	C:\Windows\SYSTEM32\DEVOBJ.dll
0x00007ffd06600000 - 0x00007ffd0660f000 	C:\Android\Android Studio\jre\jre\bin\verify.dll
0x00007ffd054c0000 - 0x00007ffd054e9000 	C:\Android\Android Studio\jre\jre\bin\java.dll
0x00007ffd05a80000 - 0x00007ffd05a96000 	C:\Android\Android Studio\jre\jre\bin\zip.dll
0x00007ffd09810000 - 0x00007ffd0ad3c000 	C:\Windows\system32\SHELL32.dll
0x00007ffd0b2e0000 - 0x00007ffd0b4f2000 	C:\Windows\SYSTEM32\combase.dll
0x00007ffd0b8b0000 - 0x00007ffd0b904000 	C:\Windows\system32\SHLWAPI.dll
0x00007ffd07870000 - 0x00007ffd07922000 	C:\Windows\SYSTEM32\SHCORE.dll
0x00007ffd08d90000 - 0x00007ffd08da5000 	C:\Windows\SYSTEM32\profapi.dll
0x00007ffd05420000 - 0x00007ffd0543a000 	C:\Android\Android Studio\jre\jre\bin\net.dll
0x00007ffd08650000 - 0x00007ffd086a9000 	C:\Windows\system32\mswsock.dll
0x00007ffd03560000 - 0x00007ffd03571000 	C:\Android\Android Studio\jre\jre\bin\nio.dll
0x00007ffd030d0000 - 0x00007ffd030ee000 	C:\Users\acer\.gradle\native\23\windows-amd64\native-platform.dll
0x00007ffd08740000 - 0x00007ffd08760000 	C:\Windows\SYSTEM32\CRYPTSP.dll
0x00007ffd081f0000 - 0x00007ffd08226000 	C:\Windows\system32\rsaenh.dll
0x00007ffd08830000 - 0x00007ffd08856000 	C:\Windows\SYSTEM32\bcrypt.dll
0x00007ffd08380000 - 0x00007ffd083a1000 	C:\Windows\SYSTEM32\USERENV.dll
0x00007ffd08bf0000 - 0x00007ffd08c53000 	C:\Windows\system32\bcryptprimitives.dll
0x00007ffd08c60000 - 0x00007ffd08c6b000 	C:\Windows\SYSTEM32\CRYPTBASE.dll
0x00007ffd02ca0000 - 0x00007ffd02cca000 	C:\Windows\SYSTEM32\IPHLPAPI.DLL
0x00007ffd02c80000 - 0x00007ffd02c8a000 	C:\Windows\SYSTEM32\WINNSI.DLL
0x00007ffd02740000 - 0x00007ffd02756000 	C:\Windows\SYSTEM32\dhcpcsvc6.DLL
0x00007ffd02930000 - 0x00007ffd0294a000 	C:\Windows\SYSTEM32\dhcpcsvc.DLL
0x00007ffd06060000 - 0x00007ffd0606d000 	C:\Android\Android Studio\jre\jre\bin\management.dll
0x00007ffd030f0000 - 0x00007ffd03114000 	C:\Android\Android Studio\jre\jre\bin\sunec.dll
0x00007ffd083b0000 - 0x00007ffd08454000 	C:\Windows\SYSTEM32\DNSAPI.dll
0x00007ffcfde70000 - 0x00007ffcfde7a000 	C:\Windows\System32\rasadhlp.dll
0x00007ffd028c0000 - 0x00007ffd0292b000 	C:\Windows\System32\fwpuclnt.dll
0x00007ffd03510000 - 0x00007ffd0351b000 	C:\Android\Android Studio\jre\jre\bin\sunmscapi.dll
0x00007ffd08f40000 - 0x00007ffd0911f000 	C:\Windows\system32\CRYPT32.dll
0x00007ffd08e40000 - 0x00007ffd08e51000 	C:\Windows\system32\MSASN1.dll

VM Arguments:
jvm_args: -Xmx1536m -Dfile.encoding=GBK -Duser.country=CN -Duser.language=zh -Duser.variant 
java_command: org.gradle.launcher.daemon.bootstrap.GradleDaemon 3.3
java_class_path (initial): C:\Users\acer\.gradle\wrapper\dists\gradle-3.3-all\55gk2rcmfc6p2dg9u9ohc3hw9\gradle-3.3\lib\gradle-launcher-3.3.jar
Launcher Type: SUN_STANDARD

Environment Variables:
JAVA_HOME=D:\Program Files (x86)\Java\jdk1.7.0_45
PATH=C:\ProgramData\Oracle\Java\javapath;C:\Windows\system32;C:\Windows;C:\Windows\System32\Wbem;C:\Windows\System32\WindowsPowerShell\v1.0\;D:\Program Files (x86)\Java\jdk1.7.0_45\bin;D:\Program Files (x86)\Java\jdk1.7.0_45\jre\bin;C:\Android\sdk\platform-tools;C:\Program Files\MySQL\MySQL Server 5.6\bin;G:\Mockplus;C:\Users\acer\MyEclipse Professional 2014;G:\apache-tomcat-7.0.85-windows-x64\apache-tomcat-7.0.85\bin
USERNAME=acer
OS=Windows_NT
PROCESSOR_IDENTIFIER=Intel64 Family 6 Model 55 Stepping 8, GenuineIntel



---------------  S Y S T E M  ---------------

OS: Windows 8.1 , 64 bit Build 9600 (6.3.9600.17415)

CPU:total 4 (4 cores per cpu, 1 threads per core) family 6 model 55 stepping 8, cmov, cx8, fxsr, mmx, sse, sse2, sse3, ssse3, sse4.1, sse4.2, popcnt, clmul, erms, 3dnowpref, tsc, tscinvbit

Memory: 4k page, physical 4073680k(876384k free), swap 6170832k(6020k free)

vm_info: OpenJDK 64-Bit Server VM (25.112-b06) for windows-amd64 JRE (1.8.0_112-release-b06), built on Dec  8 2016 00:54:26 by "builder" with MS VC++ 10.0 (VS2010)

time: Mon Mar 26 13:21:53 2018
elapsed time: 1943 seconds (0d 0h 32m 23s)

